<?xml version="1.0" encoding="UTF-8"?>
<!-- Generated by org.testng.reporters.JUnitXMLReporter -->
<testsuite ignored="0" hostname="DESKTOP-9E1GL0F" failures="0" tests="4" name="Submit Order Test" time="81.559" errors="0" timestamp="2026-01-26T16:29:33 IST">
  <testcase classname="com.selenium.project.arijit.tests.StandAloneTest" name="PlacedOrderinCart" time="4.259"/>
  <testcase classname="com.selenium.project.arijit.tests.StandAloneTest" name="PlacedOrderinCart" time="1.891"/>
  <testcase classname="com.selenium.project.arijit.tests.StandAloneTest" name="getOrder" time="7.443"/>
  <testcase classname="com.selenium.project.arijit.tests.StandAloneTest" name="getOrder" time="8.246"/>
</testsuite> <!-- Submit Order Test -->
