<?xml version="1.0" encoding="UTF-8"?>
<!-- Generated by org.testng.reporters.JUnitXMLReporter -->
<testsuite ignored="0" hostname="DESKTOP-9E1GL0F" failures="0" tests="2" name="Error Validation" time="52.11" errors="0" timestamp="2026-01-30T00:42:24 IST">
  <testcase classname="com.selenium.project.arijit.tests.ErrorValidation" name="ProductVerification" time="2.224"/>
  <testcase classname="com.selenium.project.arijit.tests.ErrorValidation" name="loginErrorValidation" time="6.91"/>
</testsuite> <!-- Error Validation -->
