<?xml version="1.0" encoding="UTF-8"?>
<!-- Generated by org.testng.reporters.JUnitXMLReporter -->
<testsuite ignored="0" hostname="DESKTOP-9E1GL0F" failures="0" tests="4" name="Submit Order Test" time="86.928" errors="0" timestamp="2026-01-30T00:42:57 IST">
  <testcase classname="com.selenium.project.arijit.tests.StandAloneTest" name="PlacedOrderinCart" time="3.601"/>
  <testcase classname="com.selenium.project.arijit.tests.StandAloneTest" name="PlacedOrderinCart" time="1.409"/>
  <testcase classname="com.selenium.project.arijit.tests.StandAloneTest" name="getOrder" time="6.701"/>
  <testcase classname="com.selenium.project.arijit.tests.StandAloneTest" name="getOrder" time="7.23"/>
</testsuite> <!-- Submit Order Test -->
