<?xml version="1.0" encoding="UTF-8"?>
<!-- Generated by org.testng.reporters.JUnitReportReporter -->
<testsuite hostname="DESKTOP-9E1GL0F" failures="0" tests="4" name="com.selenium.project.arijit.tests.StandAloneTest" time="80.824" errors="0" timestamp="2026-01-26T16:29:33 IST" skipped="0">
  <testcase classname="com.selenium.project.arijit.tests.StandAloneTest" name="getOrder" time="18.051"/>
  <testcase classname="com.selenium.project.arijit.tests.StandAloneTest" name="PlacedOrderinCart" time="20.022"/>
  <testcase classname="com.selenium.project.arijit.tests.StandAloneTest" name="PlacedOrderinCart" time="20.664"/>
  <testcase classname="com.selenium.project.arijit.tests.StandAloneTest" name="getOrder" time="22.087"/>
</testsuite> <!-- com.selenium.project.arijit.tests.StandAloneTest -->
