<?xml version="1.0" encoding="UTF-8"?>
<!-- Generated by org.testng.reporters.JUnitReportReporter -->
<testsuite hostname="DESKTOP-9E1GL0F" failures="0" tests="2" name="com.selenium.project.arijit.tests.ErrorValidation" time="46.126" errors="0" timestamp="2026-01-26T16:29:33 IST" skipped="0">
  <testcase classname="com.selenium.project.arijit.tests.ErrorValidation" name="ProductVerification" time="28.929"/>
  <testcase classname="com.selenium.project.arijit.tests.ErrorValidation" name="loginErrorValidation" time="17.197"/>
</testsuite> <!-- com.selenium.project.arijit.tests.ErrorValidation -->
