<?xml version="1.0" encoding="UTF-8"?>
<!-- Generated by org.testng.reporters.JUnitReportReporter -->
<testsuite hostname="DESKTOP-9E1GL0F" failures="0" tests="4" name="com.selenium.project.arijit.tests.StandAloneTest" time="86.333" errors="0" timestamp="2026-01-30T00:42:57 IST" skipped="0">
  <testcase classname="com.selenium.project.arijit.tests.StandAloneTest" name="getOrder" time="29.346"/>
  <testcase classname="com.selenium.project.arijit.tests.StandAloneTest" name="PlacedOrderinCart" time="27.587"/>
  <testcase classname="com.selenium.project.arijit.tests.StandAloneTest" name="getOrder" time="21.537"/>
  <testcase classname="com.selenium.project.arijit.tests.StandAloneTest" name="PlacedOrderinCart" time="7.863"/>
</testsuite> <!-- com.selenium.project.arijit.tests.StandAloneTest -->
