<?xml version="1.0" encoding="UTF-8"?>
<!-- Generated by org.testng.reporters.JUnitReportReporter -->
<testsuite hostname="DESKTOP-9E1GL0F" failures="0" tests="2" name="com.selenium.project.arijit.tests.ErrorValidation" time="52.026" errors="0" timestamp="2026-01-30T00:42:57 IST" skipped="0">
  <testcase classname="com.selenium.project.arijit.tests.ErrorValidation" name="loginErrorValidation" time="21.676"/>
  <testcase classname="com.selenium.project.arijit.tests.ErrorValidation" name="ProductVerification" time="30.350"/>
</testsuite> <!-- com.selenium.project.arijit.tests.ErrorValidation -->
